2024-02-15 16:02:18.516 [info] Log level: Info
2024-02-15 16:02:18.516 [info] Validating found git in: "git"
2024-02-15 16:02:18.516 [info] Using git "2.25.1" from "git"
2024-02-15 16:03:20.010 [info] > git rev-parse --show-toplevel [5ms]
2024-02-15 16:04:22.492 [info] > git rev-parse --show-toplevel [1ms]
2024-02-15 16:04:22.503 [info] > git rev-parse --git-dir --git-common-dir [1ms]
2024-02-15 16:04:22.522 [info] Open repository: /root/alx-higher_level_programming
2024-02-15 16:04:22.536 [info] > git config --get commit.template [2ms]
2024-02-15 16:04:22.546 [info] > git for-each-ref --format=%(refname)%00%(upstream:short)%00%(objectname)%00%(upstream:track)%00%(upstream:remotename)%00%(upstream:remoteref) refs/heads/master refs/remotes/master [4ms]
2024-02-15 16:04:22.552 [warning] ENOENT: no such file or directory, open '/root/alx-higher_level_programming/.git/refs/remotes/origin/master'
2024-02-15 16:04:22.553 [info] > git rev-parse refs/remotes/origin/master [1ms]
2024-02-15 16:04:22.569 [info] > git status -z -uall [7ms]
2024-02-15 16:04:22.595 [info] > git config --get commit.template [8ms]
2024-02-15 16:04:22.596 [info] > git for-each-ref --format=%(refname)%00%(upstream:short)%00%(objectname)%00%(upstream:track)%00%(upstream:remotename)%00%(upstream:remoteref) refs/heads/master refs/remotes/master [3ms]
2024-02-15 16:04:22.603 [warning] ENOENT: no such file or directory, open '/root/alx-higher_level_programming/.git/refs/remotes/origin/master'
2024-02-15 16:04:22.636 [info] > git rev-parse refs/remotes/origin/master [33ms]
2024-02-15 16:04:22.652 [info] > git status -z -uall [9ms]
2024-02-15 16:04:22.752 [info] > git merge-base refs/heads/master refs/remotes/origin/master [3ms]
2024-02-15 16:04:22.764 [info] > git rev-list --count --left-right refs/heads/master...refs/remotes/origin/master [3ms]
2024-02-15 16:04:22.934 [info] > git show --textconv :0x0E-SQL_more_queries/0-privileges.sql [12ms]
2024-02-15 16:04:22.934 [info] > git ls-files --stage -- /root/alx-higher_level_programming/0x0E-SQL_more_queries/0-privileges.sql [2ms]
2024-02-15 16:04:22.944 [info] > git cat-file -s e4d7867807530404afa6ff14e936fb4b4e69d2fc [4ms]
2024-02-15 16:04:23.143 [info] > git check-ignore -v -z --stdin [5ms]
2024-02-15 16:04:51.222 [info] > git check-ignore -v -z --stdin [6ms]
2024-02-15 16:04:52.139 [info] > git check-ignore -v -z --stdin [6ms]
