2024-02-17 08:33:37.837 [info] Extension host with pid 1948 started
2024-02-17 08:33:37.885 [info] Lock '/root/.vscode-server/data/User/workspaceStorage/444a9d2469c97f9b478e381d936d7327/vscode.lock': Lock acquired.
2024-02-17 08:33:37.978 [info] ExtensionService#_doActivateExtension vscode.git-base, startup: true, activationEvent: '*'
2024-02-17 08:33:38.543 [info] ExtensionService#_doActivateExtension vscode.github, startup: true, activationEvent: '*'
2024-02-17 08:33:38.674 [info] Eager extensions activated
2024-02-17 08:33:38.674 [info] ExtensionService#_doActivateExtension vscode.debug-auto-launch, startup: false, activationEvent: 'onStartupFinished'
2024-02-17 08:33:38.675 [info] ExtensionService#_doActivateExtension vscode.merge-conflict, startup: false, activationEvent: 'onStartupFinished'
2024-02-17 08:33:40.556 [info] ExtensionService#_doActivateExtension vscode.git, startup: false, activationEvent: 'api', root cause: vscode.github
2024-02-17 08:33:46.511 [info] ExtensionService#_doActivateExtension vscode.emmet, startup: false, activationEvent: 'onLanguage'
2024-02-17 08:36:31.311 [info] Extension host terminating: received terminate message from renderer
2024-02-17 08:36:31.314 [info] Lock '/root/.vscode-server/data/User/workspaceStorage/444a9d2469c97f9b478e381d936d7327/vscode.lock': Marking the lockfile as scheduled to be released in 6000 ms.
2024-02-17 08:36:31.432 [error] Canceled: Canceled
	at new g (/root/.vscode-server/bin/8b3775030ed1a69b13e4f4c628c612102e30a681/out/vs/workbench/api/node/extensionHostProcess.js:141:110274)
	at u.U (/root/.vscode-server/bin/8b3775030ed1a69b13e4f4c628c612102e30a681/out/vs/workbench/api/node/extensionHostProcess.js:150:10866)
	at P.<computed>.j.charCodeAt.P.<computed> (/root/.vscode-server/bin/8b3775030ed1a69b13e4f4c628c612102e30a681/out/vs/workbench/api/node/extensionHostProcess.js:150:8317)
	at d.g (/root/.vscode-server/bin/8b3775030ed1a69b13e4f4c628c612102e30a681/out/vs/workbench/api/node/extensionHostProcess.js:141:139555)
	at d.executeCommand (/root/.vscode-server/bin/8b3775030ed1a69b13e4f4c628c612102e30a681/out/vs/workbench/api/node/extensionHostProcess.js:141:138993)
	at b.registerCommand.description (/root/.vscode-server/bin/8b3775030ed1a69b13e4f4c628c612102e30a681/out/vs/workbench/api/node/extensionHostProcess.js:141:138317)
	at d.h (/root/.vscode-server/bin/8b3775030ed1a69b13e4f4c628c612102e30a681/out/vs/workbench/api/node/extensionHostProcess.js:141:140094)
	at d.g (/root/.vscode-server/bin/8b3775030ed1a69b13e4f4c628c612102e30a681/out/vs/workbench/api/node/extensionHostProcess.js:141:139086)
	at d.executeCommand (/root/.vscode-server/bin/8b3775030ed1a69b13e4f4c628c612102e30a681/out/vs/workbench/api/node/extensionHostProcess.js:141:138993)
	at Object.executeCommand (/root/.vscode-server/bin/8b3775030ed1a69b13e4f4c628c612102e30a681/out/vs/workbench/api/node/extensionHostProcess.js:158:21333)
	at f.I [as value] (/root/.vscode-server/bin/8b3775030ed1a69b13e4f4c628c612102e30a681/extensions/git/dist/main.js:2:924696)
	at n.y (/root/.vscode-server/bin/8b3775030ed1a69b13e4f4c628c612102e30a681/out/vs/workbench/api/node/extensionHostProcess.js:80:1902)
	at n.z (/root/.vscode-server/bin/8b3775030ed1a69b13e4f4c628c612102e30a681/out/vs/workbench/api/node/extensionHostProcess.js:80:1972)
	at n.fire (/root/.vscode-server/bin/8b3775030ed1a69b13e4f4c628c612102e30a681/out/vs/workbench/api/node/extensionHostProcess.js:80:2188)
	at Object.m [as dispose] (/root/.vscode-server/bin/8b3775030ed1a69b13e4f4c628c612102e30a681/extensions/git/dist/main.js:2:940613)
	at /root/.vscode-server/bin/8b3775030ed1a69b13e4f4c628c612102e30a681/extensions/git/dist/main.js:2:945566
	at Array.forEach (<anonymous>)
	at p.dispose (/root/.vscode-server/bin/8b3775030ed1a69b13e4f4c628c612102e30a681/extensions/git/dist/main.js:2:945552)
	at l.<anonymous> (/root/.vscode-server/bin/8b3775030ed1a69b13e4f4c628c612102e30a681/out/vs/workbench/api/node/extensionHostProcess.js:137:3620)
	at l.dispose (/root/.vscode-server/bin/8b3775030ed1a69b13e4f4c628c612102e30a681/out/vs/workbench/api/node/extensionHostProcess.js:137:3717)
	at l.<anonymous> (/root/.vscode-server/bin/8b3775030ed1a69b13e4f4c628c612102e30a681/extensions/git/dist/main.js:2:926708)
	at l.dispose (/root/.vscode-server/bin/8b3775030ed1a69b13e4f4c628c612102e30a681/out/vs/workbench/api/node/extensionHostProcess.js:137:3717)
	at s (/root/.vscode-server/bin/8b3775030ed1a69b13e4f4c628c612102e30a681/out/vs/workbench/api/node/extensionHostProcess.js:30:754)
	at f.cb (/root/.vscode-server/bin/8b3775030ed1a69b13e4f4c628c612102e30a681/out/vs/workbench/api/node/extensionHostProcess.js:154:9873)
	at /root/.vscode-server/bin/8b3775030ed1a69b13e4f4c628c612102e30a681/out/vs/workbench/api/node/extensionHostProcess.js:154:7808
	at Array.map (<anonymous>)
	at f.Y (/root/.vscode-server/bin/8b3775030ed1a69b13e4f4c628c612102e30a681/out/vs/workbench/api/node/extensionHostProcess.js:154:7795)
	at f.terminate (/root/.vscode-server/bin/8b3775030ed1a69b13e4f4c628c612102e30a681/out/vs/workbench/api/node/extensionHostProcess.js:154:8068)
	at s.terminate (/root/.vscode-server/bin/8b3775030ed1a69b13e4f4c628c612102e30a681/out/vs/workbench/api/node/extensionHostProcess.js:158:1513)
	at a (/root/.vscode-server/bin/8b3775030ed1a69b13e4f4c628c612102e30a681/out/vs/workbench/api/node/extensionHostProcess.js:171:9802)
	at f.value (/root/.vscode-server/bin/8b3775030ed1a69b13e4f4c628c612102e30a681/out/vs/workbench/api/node/extensionHostProcess.js:171:7849)
	at n.y (/root/.vscode-server/bin/8b3775030ed1a69b13e4f4c628c612102e30a681/out/vs/workbench/api/node/extensionHostProcess.js:80:1902)
	at n.fire (/root/.vscode-server/bin/8b3775030ed1a69b13e4f4c628c612102e30a681/out/vs/workbench/api/node/extensionHostProcess.js:80:2119)
	at o.fire (/root/.vscode-server/bin/8b3775030ed1a69b13e4f4c628c612102e30a681/out/vs/workbench/api/node/extensionHostProcess.js:103:14039)
	at d.z (/root/.vscode-server/bin/8b3775030ed1a69b13e4f4c628c612102e30a681/out/vs/workbench/api/node/extensionHostProcess.js:103:17104)
	at f.value (/root/.vscode-server/bin/8b3775030ed1a69b13e4f4c628c612102e30a681/out/vs/workbench/api/node/extensionHostProcess.js:103:15556)
	at n.y (/root/.vscode-server/bin/8b3775030ed1a69b13e4f4c628c612102e30a681/out/vs/workbench/api/node/extensionHostProcess.js:80:1902)
	at n.fire (/root/.vscode-server/bin/8b3775030ed1a69b13e4f4c628c612102e30a681/out/vs/workbench/api/node/extensionHostProcess.js:80:2119)
	at f.acceptChunk (/root/.vscode-server/bin/8b3775030ed1a69b13e4f4c628c612102e30a681/out/vs/workbench/api/node/extensionHostProcess.js:103:11813)
	at f.value (/root/.vscode-server/bin/8b3775030ed1a69b13e4f4c628c612102e30a681/out/vs/workbench/api/node/extensionHostProcess.js:103:11100)
	at n.y (/root/.vscode-server/bin/8b3775030ed1a69b13e4f4c628c612102e30a681/out/vs/workbench/api/node/extensionHostProcess.js:80:1902)
	at n.fire (/root/.vscode-server/bin/8b3775030ed1a69b13e4f4c628c612102e30a681/out/vs/workbench/api/node/extensionHostProcess.js:80:2119)
	at n.z (/root/.vscode-server/bin/8b3775030ed1a69b13e4f4c628c612102e30a681/out/vs/workbench/api/node/extensionHostProcess.js:168:19527)
	at n.acceptFrame (/root/.vscode-server/bin/8b3775030ed1a69b13e4f4c628c612102e30a681/out/vs/workbench/api/node/extensionHostProcess.js:168:19333)
	at i.n (/root/.vscode-server/bin/8b3775030ed1a69b13e4f4c628c612102e30a681/out/vs/workbench/api/node/extensionHostProcess.js:168:17832)
	at /root/.vscode-server/bin/8b3775030ed1a69b13e4f4c628c612102e30a681/out/vs/workbench/api/node/extensionHostProcess.js:168:15052
	at Socket.E (/root/.vscode-server/bin/8b3775030ed1a69b13e4f4c628c612102e30a681/out/vs/workbench/api/node/extensionHostProcess.js:168:12957)
	at Socket.emit (node:events:513:28)
	at addChunk (node:internal/streams/readable:324:12)
	at readableAddChunk (node:internal/streams/readable:297:9)
	at Readable.push (node:internal/streams/readable:234:10)
	at TCP.onStreamRead (node:internal/stream_base_commons:190:23) setContext undefined
2024-02-17 08:36:31.435 [error] Canceled: Canceled
	at new g (/root/.vscode-server/bin/8b3775030ed1a69b13e4f4c628c612102e30a681/out/vs/workbench/api/node/extensionHostProcess.js:141:110274)
	at u.U (/root/.vscode-server/bin/8b3775030ed1a69b13e4f4c628c612102e30a681/out/vs/workbench/api/node/extensionHostProcess.js:150:10866)
	at P.<computed>.j.charCodeAt.P.<computed> (/root/.vscode-server/bin/8b3775030ed1a69b13e4f4c628c612102e30a681/out/vs/workbench/api/node/extensionHostProcess.js:150:8317)
	at d.g (/root/.vscode-server/bin/8b3775030ed1a69b13e4f4c628c612102e30a681/out/vs/workbench/api/node/extensionHostProcess.js:141:139555)
	at d.executeCommand (/root/.vscode-server/bin/8b3775030ed1a69b13e4f4c628c612102e30a681/out/vs/workbench/api/node/extensionHostProcess.js:141:138993)
	at b.registerCommand.description (/root/.vscode-server/bin/8b3775030ed1a69b13e4f4c628c612102e30a681/out/vs/workbench/api/node/extensionHostProcess.js:141:138317)
	at d.h (/root/.vscode-server/bin/8b3775030ed1a69b13e4f4c628c612102e30a681/out/vs/workbench/api/node/extensionHostProcess.js:141:140094)
	at d.g (/root/.vscode-server/bin/8b3775030ed1a69b13e4f4c628c612102e30a681/out/vs/workbench/api/node/extensionHostProcess.js:141:139086)
	at d.executeCommand (/root/.vscode-server/bin/8b3775030ed1a69b13e4f4c628c612102e30a681/out/vs/workbench/api/node/extensionHostProcess.js:141:138993)
	at Object.executeCommand (/root/.vscode-server/bin/8b3775030ed1a69b13e4f4c628c612102e30a681/out/vs/workbench/api/node/extensionHostProcess.js:158:21333)
	at set b [as b] (/root/.vscode-server/bin/8b3775030ed1a69b13e4f4c628c612102e30a681/extensions/github/dist/extension.js:2:322364)
	at /root/.vscode-server/bin/8b3775030ed1a69b13e4f4c628c612102e30a681/extensions/github/dist/extension.js:2:323005
	at f.value (/root/.vscode-server/bin/8b3775030ed1a69b13e4f4c628c612102e30a681/extensions/git/dist/main.js:2:1016450)
	at n.y (/root/.vscode-server/bin/8b3775030ed1a69b13e4f4c628c612102e30a681/out/vs/workbench/api/node/extensionHostProcess.js:80:1902)
	at n.z (/root/.vscode-server/bin/8b3775030ed1a69b13e4f4c628c612102e30a681/out/vs/workbench/api/node/extensionHostProcess.js:80:1972)
	at n.fire (/root/.vscode-server/bin/8b3775030ed1a69b13e4f4c628c612102e30a681/out/vs/workbench/api/node/extensionHostProcess.js:80:2188)
	at Object.m [as dispose] (/root/.vscode-server/bin/8b3775030ed1a69b13e4f4c628c612102e30a681/extensions/git/dist/main.js:2:940613)
	at /root/.vscode-server/bin/8b3775030ed1a69b13e4f4c628c612102e30a681/extensions/git/dist/main.js:2:945566
	at Array.forEach (<anonymous>)
	at p.dispose (/root/.vscode-server/bin/8b3775030ed1a69b13e4f4c628c612102e30a681/extensions/git/dist/main.js:2:945552)
	at l.<anonymous> (/root/.vscode-server/bin/8b3775030ed1a69b13e4f4c628c612102e30a681/out/vs/workbench/api/node/extensionHostProcess.js:137:3620)
	at l.dispose (/root/.vscode-server/bin/8b3775030ed1a69b13e4f4c628c612102e30a681/out/vs/workbench/api/node/extensionHostProcess.js:137:3717)
	at l.<anonymous> (/root/.vscode-server/bin/8b3775030ed1a69b13e4f4c628c612102e30a681/extensions/git/dist/main.js:2:926708)
	at l.dispose (/root/.vscode-server/bin/8b3775030ed1a69b13e4f4c628c612102e30a681/out/vs/workbench/api/node/extensionHostProcess.js:137:3717)
	at s (/root/.vscode-server/bin/8b3775030ed1a69b13e4f4c628c612102e30a681/out/vs/workbench/api/node/extensionHostProcess.js:30:754)
	at f.cb (/root/.vscode-server/bin/8b3775030ed1a69b13e4f4c628c612102e30a681/out/vs/workbench/api/node/extensionHostProcess.js:154:9873)
	at /root/.vscode-server/bin/8b3775030ed1a69b13e4f4c628c612102e30a681/out/vs/workbench/api/node/extensionHostProcess.js:154:7808
	at Array.map (<anonymous>)
	at f.Y (/root/.vscode-server/bin/8b3775030ed1a69b13e4f4c628c612102e30a681/out/vs/workbench/api/node/extensionHostProcess.js:154:7795)
	at f.terminate (/root/.vscode-server/bin/8b3775030ed1a69b13e4f4c628c612102e30a681/out/vs/workbench/api/node/extensionHostProcess.js:154:8068)
	at s.terminate (/root/.vscode-server/bin/8b3775030ed1a69b13e4f4c628c612102e30a681/out/vs/workbench/api/node/extensionHostProcess.js:158:1513)
	at a (/root/.vscode-server/bin/8b3775030ed1a69b13e4f4c628c612102e30a681/out/vs/workbench/api/node/extensionHostProcess.js:171:9802)
	at f.value (/root/.vscode-server/bin/8b3775030ed1a69b13e4f4c628c612102e30a681/out/vs/workbench/api/node/extensionHostProcess.js:171:7849)
	at n.y (/root/.vscode-server/bin/8b3775030ed1a69b13e4f4c628c612102e30a681/out/vs/workbench/api/node/extensionHostProcess.js:80:1902)
	at n.fire (/root/.vscode-server/bin/8b3775030ed1a69b13e4f4c628c612102e30a681/out/vs/workbench/api/node/extensionHostProcess.js:80:2119)
	at o.fire (/root/.vscode-server/bin/8b3775030ed1a69b13e4f4c628c612102e30a681/out/vs/workbench/api/node/extensionHostProcess.js:103:14039)
	at d.z (/root/.vscode-server/bin/8b3775030ed1a69b13e4f4c628c612102e30a681/out/vs/workbench/api/node/extensionHostProcess.js:103:17104)
	at f.value (/root/.vscode-server/bin/8b3775030ed1a69b13e4f4c628c612102e30a681/out/vs/workbench/api/node/extensionHostProcess.js:103:15556)
	at n.y (/root/.vscode-server/bin/8b3775030ed1a69b13e4f4c628c612102e30a681/out/vs/workbench/api/node/extensionHostProcess.js:80:1902)
	at n.fire (/root/.vscode-server/bin/8b3775030ed1a69b13e4f4c628c612102e30a681/out/vs/workbench/api/node/extensionHostProcess.js:80:2119)
	at f.acceptChunk (/root/.vscode-server/bin/8b3775030ed1a69b13e4f4c628c612102e30a681/out/vs/workbench/api/node/extensionHostProcess.js:103:11813)
	at f.value (/root/.vscode-server/bin/8b3775030ed1a69b13e4f4c628c612102e30a681/out/vs/workbench/api/node/extensionHostProcess.js:103:11100)
	at n.y (/root/.vscode-server/bin/8b3775030ed1a69b13e4f4c628c612102e30a681/out/vs/workbench/api/node/extensionHostProcess.js:80:1902)
	at n.fire (/root/.vscode-server/bin/8b3775030ed1a69b13e4f4c628c612102e30a681/out/vs/workbench/api/node/extensionHostProcess.js:80:2119)
	at n.z (/root/.vscode-server/bin/8b3775030ed1a69b13e4f4c628c612102e30a681/out/vs/workbench/api/node/extensionHostProcess.js:168:19527)
	at n.acceptFrame (/root/.vscode-server/bin/8b3775030ed1a69b13e4f4c628c612102e30a681/out/vs/workbench/api/node/extensionHostProcess.js:168:19333)
	at i.n (/root/.vscode-server/bin/8b3775030ed1a69b13e4f4c628c612102e30a681/out/vs/workbench/api/node/extensionHostProcess.js:168:17832)
	at /root/.vscode-server/bin/8b3775030ed1a69b13e4f4c628c612102e30a681/out/vs/workbench/api/node/extensionHostProcess.js:168:15052
	at Socket.E (/root/.vscode-server/bin/8b3775030ed1a69b13e4f4c628c612102e30a681/out/vs/workbench/api/node/extensionHostProcess.js:168:12957)
	at Socket.emit (node:events:513:28)
	at addChunk (node:internal/streams/readable:324:12)
	at readableAddChunk (node:internal/streams/readable:297:9)
	at Readable.push (node:internal/streams/readable:234:10)
	at TCP.onStreamRead (node:internal/stream_base_commons:190:23) setContext undefined
2024-02-17 08:36:31.435 [info] Extension host with pid 1948 exiting with code 0
